[0.843s] Invoking command in '/home/albertocastro/tello_driver/build/tello_pkg': PS1=(tello_driver_venv) \[\e]0;\u@\h: \w\a\]${debian_chroot:+($debian_chroot)}\[\033[01;32m\]\u@\h\[\033[00m\]:\[\033[01;34m\]\w\[\033[00m\]\$ PYTHONPATH=/home/albertocastro/tello_driver/build/tello_pkg/prefix_override:/home/albertocastro/tello_driver/install/tello_pkg/lib/python3.10/site-packages:${PYTHONPATH} /usr/bin/python3 setup.py develop --uninstall --editable --build-directory /home/albertocastro/tello_driver/build/tello_pkg/build
[1.188s] running develop
[1.189s] /usr/lib/python3/dist-packages/setuptools/command/easy_install.py:158: EasyInstallDeprecationWarning: easy_install command is deprecated. Use build and pip and other standards-based tools.
[1.189s]   warnings.warn(
[1.191s] /usr/lib/python3/dist-packages/setuptools/command/install.py:34: SetuptoolsDeprecationWarning: setup.py install is deprecated. Use build and pip and other standards-based tools.
[1.191s]   warnings.warn(
[1.273s] /usr/lib/python3/dist-packages/pkg_resources/__init__.py:116: PkgResourcesDeprecationWarning: 1.16.0-unknown is an invalid version and will not be supported in a future release
[1.274s]   warnings.warn(
[1.274s] /usr/lib/python3/dist-packages/pkg_resources/__init__.py:116: PkgResourcesDeprecationWarning: 0.1.43ubuntu1 is an invalid version and will not be supported in a future release
[1.275s]   warnings.warn(
[1.275s] /usr/lib/python3/dist-packages/pkg_resources/__init__.py:116: PkgResourcesDeprecationWarning: 1.1build1 is an invalid version and will not be supported in a future release
[1.275s]   warnings.warn(
[1.472s] Invoked command in '/home/albertocastro/tello_driver/build/tello_pkg' returned '0': PS1=(tello_driver_venv) \[\e]0;\u@\h: \w\a\]${debian_chroot:+($debian_chroot)}\[\033[01;32m\]\u@\h\[\033[00m\]:\[\033[01;34m\]\w\[\033[00m\]\$ PYTHONPATH=/home/albertocastro/tello_driver/build/tello_pkg/prefix_override:/home/albertocastro/tello_driver/install/tello_pkg/lib/python3.10/site-packages:${PYTHONPATH} /usr/bin/python3 setup.py develop --uninstall --editable --build-directory /home/albertocastro/tello_driver/build/tello_pkg/build
[1.475s] Invoking command in '/home/albertocastro/tello_driver/src/tello_pkg': PS1=(tello_driver_venv) \[\e]0;\u@\h: \w\a\]${debian_chroot:+($debian_chroot)}\[\033[01;32m\]\u@\h\[\033[00m\]:\[\033[01;34m\]\w\[\033[00m\]\$ PYTHONPATH=/home/albertocastro/tello_driver/build/tello_pkg/prefix_override:/home/albertocastro/tello_driver/install/tello_pkg/lib/python3.10/site-packages:${PYTHONPATH} /usr/bin/python3 setup.py egg_info --egg-base ../../build/tello_pkg build --build-base /home/albertocastro/tello_driver/build/tello_pkg/build install --record /home/albertocastro/tello_driver/build/tello_pkg/install.log --single-version-externally-managed
[1.790s] running egg_info
[1.791s] writing ../../build/tello_pkg/tello_pkg.egg-info/PKG-INFO
[1.791s] writing dependency_links to ../../build/tello_pkg/tello_pkg.egg-info/dependency_links.txt
[1.791s] writing entry points to ../../build/tello_pkg/tello_pkg.egg-info/entry_points.txt
[1.792s] writing requirements to ../../build/tello_pkg/tello_pkg.egg-info/requires.txt
[1.792s] writing top-level names to ../../build/tello_pkg/tello_pkg.egg-info/top_level.txt
[1.794s] reading manifest file '../../build/tello_pkg/tello_pkg.egg-info/SOURCES.txt'
[1.796s] writing manifest file '../../build/tello_pkg/tello_pkg.egg-info/SOURCES.txt'
[1.796s] running build
[1.796s] running build_py
[1.797s] running install
[1.797s] /usr/lib/python3/dist-packages/setuptools/command/install.py:34: SetuptoolsDeprecationWarning: setup.py install is deprecated. Use build and pip and other standards-based tools.
[1.797s]   warnings.warn(
[1.797s] running install_lib
[1.801s] running install_data
[1.801s] running install_egg_info
[1.804s] removing '/home/albertocastro/tello_driver/install/tello_pkg/lib/python3.10/site-packages/tello_pkg-0.0.0-py3.10.egg-info' (and everything under it)
[1.804s] Copying ../../build/tello_pkg/tello_pkg.egg-info to /home/albertocastro/tello_driver/install/tello_pkg/lib/python3.10/site-packages/tello_pkg-0.0.0-py3.10.egg-info
[1.805s] running install_scripts
[1.832s] Installing controller_node script to /home/albertocastro/tello_driver/install/tello_pkg/lib/tello_pkg
[1.832s] Installing receiver_node script to /home/albertocastro/tello_driver/install/tello_pkg/lib/tello_pkg
[1.832s] writing list of installed files to '/home/albertocastro/tello_driver/build/tello_pkg/install.log'
[1.866s] Invoked command in '/home/albertocastro/tello_driver/src/tello_pkg' returned '0': PS1=(tello_driver_venv) \[\e]0;\u@\h: \w\a\]${debian_chroot:+($debian_chroot)}\[\033[01;32m\]\u@\h\[\033[00m\]:\[\033[01;34m\]\w\[\033[00m\]\$ PYTHONPATH=/home/albertocastro/tello_driver/build/tello_pkg/prefix_override:/home/albertocastro/tello_driver/install/tello_pkg/lib/python3.10/site-packages:${PYTHONPATH} /usr/bin/python3 setup.py egg_info --egg-base ../../build/tello_pkg build --build-base /home/albertocastro/tello_driver/build/tello_pkg/build install --record /home/albertocastro/tello_driver/build/tello_pkg/install.log --single-version-externally-managed
