[0.820s] Invoking command in '/home/albertocastro/tello_driver/build/tello_pkg': PS1=(tello_driver_venv) \[\e]0;\u@\h: \w\a\]${debian_chroot:+($debian_chroot)}\[\033[01;32m\]\u@\h\[\033[00m\]:\[\033[01;34m\]\w\[\033[00m\]\$ PYTHONPATH=/home/albertocastro/tello_driver/build/tello_pkg/prefix_override:/home/albertocastro/tello_driver/install/tello_pkg/lib/python3.10/site-packages:${PYTHONPATH} /usr/bin/python3 setup.py develop --uninstall --editable --build-directory /home/albertocastro/tello_driver/build/tello_pkg/build
[1.174s] running develop
[1.174s] /usr/lib/python3/dist-packages/setuptools/command/easy_install.py:158: EasyInstallDeprecationWarning: easy_install command is deprecated. Use build and pip and other standards-based tools.
[1.174s]   warnings.warn(
[1.176s] /usr/lib/python3/dist-packages/setuptools/command/install.py:34: SetuptoolsDeprecationWarning: setup.py install is deprecated. Use build and pip and other standards-based tools.
[1.177s]   warnings.warn(
[1.262s] /usr/lib/python3/dist-packages/pkg_resources/__init__.py:116: PkgResourcesDeprecationWarning: 1.16.0-unknown is an invalid version and will not be supported in a future release
[1.262s]   warnings.warn(
[1.263s] /usr/lib/python3/dist-packages/pkg_resources/__init__.py:116: PkgResourcesDeprecationWarning: 0.1.43ubuntu1 is an invalid version and will not be supported in a future release
[1.263s]   warnings.warn(
[1.264s] /usr/lib/python3/dist-packages/pkg_resources/__init__.py:116: PkgResourcesDeprecationWarning: 1.1build1 is an invalid version and will not be supported in a future release
[1.264s]   warnings.warn(
[1.459s] Invoked command in '/home/albertocastro/tello_driver/build/tello_pkg' returned '0': PS1=(tello_driver_venv) \[\e]0;\u@\h: \w\a\]${debian_chroot:+($debian_chroot)}\[\033[01;32m\]\u@\h\[\033[00m\]:\[\033[01;34m\]\w\[\033[00m\]\$ PYTHONPATH=/home/albertocastro/tello_driver/build/tello_pkg/prefix_override:/home/albertocastro/tello_driver/install/tello_pkg/lib/python3.10/site-packages:${PYTHONPATH} /usr/bin/python3 setup.py develop --uninstall --editable --build-directory /home/albertocastro/tello_driver/build/tello_pkg/build
[1.461s] Invoking command in '/home/albertocastro/tello_driver/src/tello_pkg': PS1=(tello_driver_venv) \[\e]0;\u@\h: \w\a\]${debian_chroot:+($debian_chroot)}\[\033[01;32m\]\u@\h\[\033[00m\]:\[\033[01;34m\]\w\[\033[00m\]\$ PYTHONPATH=/home/albertocastro/tello_driver/build/tello_pkg/prefix_override:/home/albertocastro/tello_driver/install/tello_pkg/lib/python3.10/site-packages:${PYTHONPATH} /usr/bin/python3 setup.py egg_info --egg-base ../../build/tello_pkg build --build-base /home/albertocastro/tello_driver/build/tello_pkg/build install --record /home/albertocastro/tello_driver/build/tello_pkg/install.log --single-version-externally-managed
[1.780s] running egg_info
[1.781s] writing ../../build/tello_pkg/tello_pkg.egg-info/PKG-INFO
[1.782s] writing dependency_links to ../../build/tello_pkg/tello_pkg.egg-info/dependency_links.txt
[1.782s] writing entry points to ../../build/tello_pkg/tello_pkg.egg-info/entry_points.txt
[1.782s] writing requirements to ../../build/tello_pkg/tello_pkg.egg-info/requires.txt
[1.783s] writing top-level names to ../../build/tello_pkg/tello_pkg.egg-info/top_level.txt
[1.785s] reading manifest file '../../build/tello_pkg/tello_pkg.egg-info/SOURCES.txt'
[1.786s] writing manifest file '../../build/tello_pkg/tello_pkg.egg-info/SOURCES.txt'
[1.787s] running build
[1.787s] running build_py
[1.787s] running install
[1.788s] /usr/lib/python3/dist-packages/setuptools/command/install.py:34: SetuptoolsDeprecationWarning: setup.py install is deprecated. Use build and pip and other standards-based tools.
[1.788s]   warnings.warn(
[1.788s] running install_lib
[1.791s] running install_data
[1.792s] running install_egg_info
[1.794s] removing '/home/albertocastro/tello_driver/install/tello_pkg/lib/python3.10/site-packages/tello_pkg-0.0.0-py3.10.egg-info' (and everything under it)
[1.795s] Copying ../../build/tello_pkg/tello_pkg.egg-info to /home/albertocastro/tello_driver/install/tello_pkg/lib/python3.10/site-packages/tello_pkg-0.0.0-py3.10.egg-info
[1.796s] running install_scripts
[1.821s] Installing controller_node script to /home/albertocastro/tello_driver/install/tello_pkg/lib/tello_pkg
[1.821s] Installing receiver_node script to /home/albertocastro/tello_driver/install/tello_pkg/lib/tello_pkg
[1.822s] writing list of installed files to '/home/albertocastro/tello_driver/build/tello_pkg/install.log'
[1.860s] Invoked command in '/home/albertocastro/tello_driver/src/tello_pkg' returned '0': PS1=(tello_driver_venv) \[\e]0;\u@\h: \w\a\]${debian_chroot:+($debian_chroot)}\[\033[01;32m\]\u@\h\[\033[00m\]:\[\033[01;34m\]\w\[\033[00m\]\$ PYTHONPATH=/home/albertocastro/tello_driver/build/tello_pkg/prefix_override:/home/albertocastro/tello_driver/install/tello_pkg/lib/python3.10/site-packages:${PYTHONPATH} /usr/bin/python3 setup.py egg_info --egg-base ../../build/tello_pkg build --build-base /home/albertocastro/tello_driver/build/tello_pkg/build install --record /home/albertocastro/tello_driver/build/tello_pkg/install.log --single-version-externally-managed
