running egg_info
writing ../../build/tello_pkg/tello_pkg.egg-info/PKG-INFO
writing dependency_links to ../../build/tello_pkg/tello_pkg.egg-info/dependency_links.txt
writing entry points to ../../build/tello_pkg/tello_pkg.egg-info/entry_points.txt
writing requirements to ../../build/tello_pkg/tello_pkg.egg-info/requires.txt
writing top-level names to ../../build/tello_pkg/tello_pkg.egg-info/top_level.txt
reading manifest file '../../build/tello_pkg/tello_pkg.egg-info/SOURCES.txt'
writing manifest file '../../build/tello_pkg/tello_pkg.egg-info/SOURCES.txt'
running build
running build_py
running install
/usr/lib/python3/dist-packages/setuptools/command/install.py:34: SetuptoolsDeprecationWarning: setup.py install is deprecated. Use build and pip and other standards-based tools.
  warnings.warn(
running install_lib
running install_data
copying package.xml -> /home/albertocastro/tello_driver/install/tello_pkg/share/tello_pkg
running install_egg_info
removing '/home/albertocastro/tello_driver/install/tello_pkg/lib/python3.10/site-packages/tello_pkg-0.0.0-py3.10.egg-info' (and everything under it)
Copying ../../build/tello_pkg/tello_pkg.egg-info to /home/albertocastro/tello_driver/install/tello_pkg/lib/python3.10/site-packages/tello_pkg-0.0.0-py3.10.egg-info
running install_scripts
Installing controller_node script to /home/albertocastro/tello_driver/install/tello_pkg/lib/tello_pkg
Installing receiver_node script to /home/albertocastro/tello_driver/install/tello_pkg/lib/tello_pkg
writing list of installed files to '/home/albertocastro/tello_driver/build/tello_pkg/install.log'
