running develop
/usr/lib/python3/dist-packages/setuptools/command/easy_install.py:158: EasyInstallDeprecationWarning: easy_install command is deprecated. Use build and pip and other standards-based tools.
  warnings.warn(
/usr/lib/python3/dist-packages/setuptools/command/install.py:34: SetuptoolsDeprecationWarning: setup.py install is deprecated. Use build and pip and other standards-based tools.
  warnings.warn(
/usr/lib/python3/dist-packages/pkg_resources/__init__.py:116: PkgResourcesDeprecationWarning: 1.16.0-unknown is an invalid version and will not be supported in a future release
  warnings.warn(
/usr/lib/python3/dist-packages/pkg_resources/__init__.py:116: PkgResourcesDeprecationWarning: 0.1.43ubuntu1 is an invalid version and will not be supported in a future release
  warnings.warn(
/usr/lib/python3/dist-packages/pkg_resources/__init__.py:116: PkgResourcesDeprecationWarning: 1.1build1 is an invalid version and will not be supported in a future release
  warnings.warn(
running egg_info
writing ../../build/tello_pkg/tello_pkg.egg-info/PKG-INFO
writing dependency_links to ../../build/tello_pkg/tello_pkg.egg-info/dependency_links.txt
writing entry points to ../../build/tello_pkg/tello_pkg.egg-info/entry_points.txt
writing requirements to ../../build/tello_pkg/tello_pkg.egg-info/requires.txt
writing top-level names to ../../build/tello_pkg/tello_pkg.egg-info/top_level.txt
reading manifest file '../../build/tello_pkg/tello_pkg.egg-info/SOURCES.txt'
writing manifest file '../../build/tello_pkg/tello_pkg.egg-info/SOURCES.txt'
running build
running build_py
copying tello_pkg/receiver_node.py -> /home/albertocastro/tello_driver/build/tello_pkg/build/lib/tello_pkg
copying tello_pkg/controller_node.py -> /home/albertocastro/tello_driver/build/tello_pkg/build/lib/tello_pkg
running install
running install_lib
copying /home/albertocastro/tello_driver/build/tello_pkg/build/lib/tello_pkg/receiver_node.py -> /home/albertocastro/tello_driver/install/tello_pkg/lib/python3.10/site-packages/tello_pkg
copying /home/albertocastro/tello_driver/build/tello_pkg/build/lib/tello_pkg/controller_node.py -> /home/albertocastro/tello_driver/install/tello_pkg/lib/python3.10/site-packages/tello_pkg
byte-compiling /home/albertocastro/tello_driver/install/tello_pkg/lib/python3.10/site-packages/tello_pkg/receiver_node.py to receiver_node.cpython-310.pyc
/usr/lib/python3/dist-packages/setuptools/command/install.py:34: SetuptoolsDeprecationWarning: setup.py install is deprecated. Use build and pip and other standards-based tools.
  warnings.warn(
byte-compiling /home/albertocastro/tello_driver/install/tello_pkg/lib/python3.10/site-packages/tello_pkg/controller_node.py to controller_node.cpython-310.pyc
running install_data
running install_egg_info
removing '/home/albertocastro/tello_driver/install/tello_pkg/lib/python3.10/site-packages/tello_pkg-0.0.0-py3.10.egg-info' (and everything under it)
Copying ../../build/tello_pkg/tello_pkg.egg-info to /home/albertocastro/tello_driver/install/tello_pkg/lib/python3.10/site-packages/tello_pkg-0.0.0-py3.10.egg-info
running install_scripts
Installing controller_node script to /home/albertocastro/tello_driver/install/tello_pkg/lib/tello_pkg
Installing receiver_node script to /home/albertocastro/tello_driver/install/tello_pkg/lib/tello_pkg
writing list of installed files to '/home/albertocastro/tello_driver/build/tello_pkg/install.log'
