running egg_info
creating ../../build/tello_pkg/tello_pkg.egg-info
writing ../../build/tello_pkg/tello_pkg.egg-info/PKG-INFO
writing dependency_links to ../../build/tello_pkg/tello_pkg.egg-info/dependency_links.txt
writing entry points to ../../build/tello_pkg/tello_pkg.egg-info/entry_points.txt
writing requirements to ../../build/tello_pkg/tello_pkg.egg-info/requires.txt
writing top-level names to ../../build/tello_pkg/tello_pkg.egg-info/top_level.txt
writing manifest file '../../build/tello_pkg/tello_pkg.egg-info/SOURCES.txt'
reading manifest file '../../build/tello_pkg/tello_pkg.egg-info/SOURCES.txt'
writing manifest file '../../build/tello_pkg/tello_pkg.egg-info/SOURCES.txt'
running build
running build_py
creating /home/albertocastro/tello_driver/build/tello_pkg/build
creating /home/albertocastro/tello_driver/build/tello_pkg/build/lib
creating /home/albertocastro/tello_driver/build/tello_pkg/build/lib/tello_pkg
copying tello_pkg/receiver_node.py -> /home/albertocastro/tello_driver/build/tello_pkg/build/lib/tello_pkg
copying tello_pkg/controller_node.py -> /home/albertocastro/tello_driver/build/tello_pkg/build/lib/tello_pkg
copying tello_pkg/template_node.py -> /home/albertocastro/tello_driver/build/tello_pkg/build/lib/tello_pkg
copying tello_pkg/__init__.py -> /home/albertocastro/tello_driver/build/tello_pkg/build/lib/tello_pkg
running install
/usr/lib/python3/dist-packages/setuptools/command/install.py:34: SetuptoolsDeprecationWarning: setup.py install is deprecated. Use build and pip and other standards-based tools.
  warnings.warn(
running install_lib
creating /home/albertocastro/tello_driver/install/tello_pkg/lib/python3.10/site-packages/tello_pkg
copying /home/albertocastro/tello_driver/build/tello_pkg/build/lib/tello_pkg/receiver_node.py -> /home/albertocastro/tello_driver/install/tello_pkg/lib/python3.10/site-packages/tello_pkg
copying /home/albertocastro/tello_driver/build/tello_pkg/build/lib/tello_pkg/controller_node.py -> /home/albertocastro/tello_driver/install/tello_pkg/lib/python3.10/site-packages/tello_pkg
copying /home/albertocastro/tello_driver/build/tello_pkg/build/lib/tello_pkg/template_node.py -> /home/albertocastro/tello_driver/install/tello_pkg/lib/python3.10/site-packages/tello_pkg
copying /home/albertocastro/tello_driver/build/tello_pkg/build/lib/tello_pkg/__init__.py -> /home/albertocastro/tello_driver/install/tello_pkg/lib/python3.10/site-packages/tello_pkg
byte-compiling /home/albertocastro/tello_driver/install/tello_pkg/lib/python3.10/site-packages/tello_pkg/receiver_node.py to receiver_node.cpython-310.pyc
byte-compiling /home/albertocastro/tello_driver/install/tello_pkg/lib/python3.10/site-packages/tello_pkg/controller_node.py to controller_node.cpython-310.pyc
byte-compiling /home/albertocastro/tello_driver/install/tello_pkg/lib/python3.10/site-packages/tello_pkg/template_node.py to template_node.cpython-310.pyc
byte-compiling /home/albertocastro/tello_driver/install/tello_pkg/lib/python3.10/site-packages/tello_pkg/__init__.py to __init__.cpython-310.pyc
running install_data
creating /home/albertocastro/tello_driver/install/tello_pkg/share/ament_index
creating /home/albertocastro/tello_driver/install/tello_pkg/share/ament_index/resource_index
creating /home/albertocastro/tello_driver/install/tello_pkg/share/ament_index/resource_index/packages
copying resource/tello_pkg -> /home/albertocastro/tello_driver/install/tello_pkg/share/ament_index/resource_index/packages
copying package.xml -> /home/albertocastro/tello_driver/install/tello_pkg/share/tello_pkg
running install_egg_info
Copying ../../build/tello_pkg/tello_pkg.egg-info to /home/albertocastro/tello_driver/install/tello_pkg/lib/python3.10/site-packages/tello_pkg-0.0.0-py3.10.egg-info
running install_scripts
Installing controller_node script to /home/albertocastro/tello_driver/install/tello_pkg/lib/tello_pkg
Installing receiver_node script to /home/albertocastro/tello_driver/install/tello_pkg/lib/tello_pkg
writing list of installed files to '/home/albertocastro/tello_driver/build/tello_pkg/install.log'
